<?xml version="1.0" encoding="UTF-8" ?>
<testsuite tests="10" failures="0" name="test.java.RoomTest" time="0" errors="0" skipped="0">
  <properties>
[...]
</properties>
  <testcase classname="test.java.RoomTest" name="testSetLocation" time="0"/>
  <testcase classname="test.java.RoomTest" name="testGetLocation" time="0"/>
  <testcase classname="test.java.RoomTest" name="testGetName" time="0"/>
  <testcase classname="test.java.RoomTest" name="testSetBuilding" time="0"/>
  <testcase classname="test.java.RoomTest" name="testGetBuilding" time="0"/>
  <testcase classname="test.java.RoomTest" name="testSetMeetings" time="0"/>
  <testcase classname="test.java.RoomTest" name="testGetMeetings" time="0"/>
  <testcase classname="test.java.RoomTest" name="testSetCapacity" time="0"/>
  <testcase classname="test.java.RoomTest" name="testGetCapacity" time="0"/>
  <testcase classname="test.java.RoomTest" name="testSetName" time="0"/>
</testsuite>